D:\RSCK\PROJECT1\PROJECT1\DEBUG\01.OBJ
D:\RSCK\PROJECT1\PROJECT1\DEBUG\VC110.PDB
D:\RSCK\PROJECT1\DEBUG\PROJECT1.ILK
D:\RSCK\PROJECT1\DEBUG\PROJECT1.EXE
D:\RSCK\PROJECT1\DEBUG\PROJECT1.PDB
D:\rsck\Project1\Project1\Debug\01.obj
D:\rsck\Project1\Project1\Debug\cl.command.1.tlog
D:\rsck\Project1\Project1\Debug\CL.read.1.tlog
D:\rsck\Project1\Project1\Debug\CL.write.1.tlog
D:\rsck\Project1\Project1\Debug\link-cvtres.read.1.tlog
D:\rsck\Project1\Project1\Debug\link-cvtres.write.1.tlog
D:\rsck\Project1\Project1\Debug\link-rc.read.1.tlog
D:\rsck\Project1\Project1\Debug\link-rc.write.1.tlog
D:\rsck\Project1\Project1\Debug\link.command.1.tlog
D:\rsck\Project1\Project1\Debug\link.read.1.tlog
D:\rsck\Project1\Project1\Debug\link.write.1.tlog
D:\rsck\Project1\Project1\Debug\vc110.idb
D:\rsck\Project1\Project1\Debug\vc110.pdb
D:\rsck\Project1\Debug\Project1.pdb
D:\rsck\Project1\Debug\Project1.exe
D:\rsck\Project1\Debug\Project1.ilk
