G:\RSCK\PROJECT1\LIFE REFORM\PROJECT1\DEBUG\MAIN.OBJ
G:\RSCK\PROJECT1\LIFE REFORM\PROJECT1\DEBUG\VC110.PDB
G:\RSCK\PROJECT1\LIFE REFORM\DEBUG\人生洗牌.ILK
G:\RSCK\PROJECT1\LIFE REFORM\DEBUG\人生洗牌.EXE
G:\RSCK\PROJECT1\LIFE REFORM\DEBUG\人生洗牌.PDB
E:\rsck\life reform\Project1\Debug\main.obj
E:\rsck\life reform\Project1\Debug\CL.read.1.tlog
E:\rsck\life reform\Project1\Debug\CL.write.1.tlog
E:\rsck\life reform\Project1\Debug\cl.command.1.tlog
E:\rsck\life reform\Project1\Debug\link-rc.read.1.tlog
E:\rsck\life reform\Project1\Debug\link-rc.write.1.tlog
E:\rsck\life reform\Project1\Debug\link-cvtres.read.1.tlog
E:\rsck\life reform\Project1\Debug\link-cvtres.write.1.tlog
E:\rsck\life reform\Project1\Debug\link.read.1.tlog
E:\rsck\life reform\Project1\Debug\link.write.1.tlog
E:\rsck\life reform\Project1\Debug\link.command.1.tlog
E:\rsck\life reform\Project1\Debug\vc110.idb
E:\rsck\life reform\Project1\Debug\vc110.pdb
E:\rsck\life reform\Debug\人生洗牌.pdb
E:\rsck\life reform\Debug\人生洗牌.exe
E:\rsck\life reform\Debug\人生洗牌.ilk
